2023-04-14 19:50:57,755 | INFO | 2023-04-14 19:47:53 - Order execution timed out. Resubmitting the order with an updated price.
2023-04-14 19:50:58,184 | INFO | 2023-04-14 19:47:53 - Sell order for 0.028318302 ETH/USD at 2090.5472 submitted successfully.
2023-04-14 21:29:30,405 | INFO | 2023-04-14 21:27:26 - Order executed successfully | Portfolio Value = 10098.2598 USD
2023-04-14 22:31:56,684 | INFO | 2023-04-14 22:29:41 - Order executed successfully | Portfolio Value = 10098.4172 USD
2023-04-15 00:35:28,262 | INFO | 2023-04-15 00:32:23 - Order execution timed out. Resubmitting the order with an updated price.
2023-04-15 00:35:28,666 | INFO | 2023-04-15 00:32:23 - Sell order for 0.008517098 ETH/USD at 2091.5897999999997 submitted successfully.
2023-04-15 00:38:32,363 | INFO | 2023-04-15 00:32:23 - Order execution timed out. Resubmitting the order with an updated price.
2023-04-15 00:38:32,797 | INFO | 2023-04-15 00:32:23 - Sell order for 0.008517098 ETH/USD at 2091.5998999999997 submitted successfully.
2023-04-15 00:41:36,628 | INFO | 2023-04-15 00:32:23 - Order execution timed out. Resubmitting the order with an updated price.
2023-04-15 00:41:37,045 | INFO | 2023-04-15 00:32:23 - Sell order for 0.008517098 ETH/USD at 2090.8026738999997 submitted successfully.
2023-04-15 00:44:39,640 | INFO | 2023-04-15 00:32:23 - Order execution timed out. Resubmitting the order with an updated price.
2023-04-15 00:44:40,048 | INFO | 2023-04-15 00:32:23 - Sell order for 0.008517098 ETH/USD at 2090.9199 submitted successfully.
2023-04-15 00:47:43,786 | INFO | 2023-04-15 00:32:23 - Order execution timed out. Resubmitting the order with an updated price.
2023-04-15 00:47:44,324 | INFO | 2023-04-15 00:32:23 - Sell order for 0.008517098 ETH/USD at 2090.9264 submitted successfully.
2023-04-15 00:50:47,685 | INFO | 2023-04-15 00:32:23 - Order execution timed out. Resubmitting the order with an updated price.
2023-04-15 00:50:52,451 | INFO | 2023-04-15 00:32:23 - Sell order for 0.008517098 ETH/USD at 2092.316978 submitted successfully.
2023-04-15 00:53:56,530 | INFO | 2023-04-15 00:32:23 - Order execution timed out. Resubmitting the order with an updated price.
2023-04-15 00:54:00,444 | INFO | 2023-04-15 00:32:23 - Sell order for 0.008517098 ETH/USD at 2090.6612379999997 submitted successfully.
2023-04-15 00:57:04,838 | INFO | 2023-04-15 00:32:23 - Order execution timed out. Resubmitting the order with an updated price.
2023-04-15 00:57:08,439 | INFO | 2023-04-15 00:32:23 - Sell order for 0.008517098 ETH/USD at 2090.36388 submitted successfully.
2023-04-15 00:57:18,841 | INFO | 2023-04-15 00:32:23 - Order executed successfully | Portfolio Value = 10098.2807 USD
2023-04-15 06:43:02,036 | INFO | Error getting account info: print_flush() got an unexpected keyword argument 'end'
2023-04-15 06:43:02,036 | INFO | Error getting account info: print_flush() got an unexpected keyword argument 'end'
2023-04-15 06:48:02,849 | INFO | #PA3AMQWJBBTI
2023-04-15 06:48:02,849 | INFO | #PA3AMQWJBBTI
2023-04-15 06:48:03,939 | INFO | Prediction = SELL | 
2023-04-15 06:48:03,939 | INFO | Prediction = SELL | 
2023-04-15 06:48:04,191 | INFO | ETHUSD = 2103.7478 | ETH owned = 0.0153 | Portfolio Value = 10101.5861 USD|
2023-04-15 06:48:04,191 | INFO | ETHUSD = 2103.7478 | ETH owned = 0.0153 | Portfolio Value = 10101.5861 USD|
2023-04-15 06:48:04,191 | INFO | Waiting for right time to buy.
2023-04-15 06:48:04,191 | INFO | Waiting for right time to buy.
2023-04-15 06:50:38,526 | INFO | #PA3AMQWJBBTI
2023-04-15 06:50:39,412 | INFO | Prediction = SELL | 
2023-04-15 06:50:39,698 | INFO | ETHUSD = 2104.0046 | ETH owned = 0.0153 | Portfolio Value = 10101.5901 USD|
2023-04-15 06:50:39,699 | INFO | Waiting for right time to buy.
2023-04-15 06:52:29,661 | INFO | Alpaca REST API ACTIVE - PAPER-TRADING account #PA3AMQWJBBTI
2023-04-15 06:52:30,641 | INFO | Prediction = SELL | 
2023-04-15 06:52:30,903 | INFO | ETHUSD = 2102.4000 | ETH owned = 0.0153 | Portfolio Value = 10101.5655 USD|
2023-04-15 06:52:30,904 | INFO | Waiting for right time to buy.
2023-04-15 07:35:46,702 | INFO | Alpaca REST API ACTIVE - PAPER-TRADING account #PA3AMQWJBBTI
2023-04-15 07:35:47,715 | INFO | ↓↓ Prediction = SELL ↓↓
2023-04-15 07:35:47,969 | INFO | ETHUSD = 2109.3800 | ETH owned = 0.0153 | Portfolio Value = 10101.6723 USD|
2023-04-15 07:35:47,970 | INFO | Waiting for right time to buy.
2023-04-15 08:36:02,422 | INFO | Alpaca REST API ACTIVE - PAPER-TRADING account #PA3AMQWJBBTI
2023-04-15 08:36:03,583 | INFO | ↑↑ Prediction = BUY ↑↑ 
2023-04-15 09:36:15,609 | INFO | Alpaca REST API ACTIVE - PAPER-TRADING account #PA3AMQWJBBTI
2023-04-15 09:36:16,623 | INFO | ↑↑ Prediction = BUY ↑↑ 
2023-04-15 10:29:08,855 | INFO | Alpaca REST API ACTIVE - PAPER-TRADING account #PA3AMQWJBBTI
2023-04-15 10:29:10,001 | INFO | ↓↓ Prediction = SELL ↓↓
2023-04-15 10:29:10,294 | INFO | ETHUSD = 2105.2369 | ETH owned = 0.0153 | Portfolio Value = 10101.6089 USD|
2023-04-15 10:29:10,294 | INFO | Waiting for right time to buy.
2023-04-15 10:31:25,182 | INFO | Alpaca REST API ACTIVE - PAPER-TRADING account #PA3AMQWJBBTI
2023-04-15 10:31:26,048 | INFO | ↑↑ Prediction = BUY ↑↑ 
2023-04-15 10:31:26,243 | INFO | Error submitting Buy order: insufficient balance for USD (requested: 9767.2326642, available: 9701.24)
2023-04-15 10:33:45,355 | INFO | Alpaca REST API ACTIVE - PAPER-TRADING account #PA3AMQWJBBTI
2023-04-15 10:33:46,265 | INFO | ↑↑ Prediction = BUY ↑↑ 
2023-04-15 10:33:46,492 | INFO | Buy order for 4.5909 ETHUSD at 2105.6001 submitted successfully.
2023-04-15 10:34:27,300 | INFO | Order executed successfully | Portfolio Value = 10083.2447 USD
2023-04-15 10:37:27,941 | INFO | Alpaca REST API ACTIVE - PAPER-TRADING account #PA3AMQWJBBTI
2023-04-15 10:37:28,873 | INFO | ↓↓ Prediction = SELL ↓↓
2023-04-15 10:37:29,095 | INFO | Sell order for 1.5169 ETHUSD at 2106.2499 submitted successfully.
2023-04-15 10:38:09,896 | INFO | Order executed successfully | Portfolio Value = 10082.3924 USD
2023-04-15 11:38:22,877 | INFO | Alpaca REST API ACTIVE - PAPER-TRADING account #PA3AMQWJBBTI
2023-04-15 11:38:24,015 | INFO | ↓↓ Prediction = SELL ↓↓
2023-04-15 11:38:24,292 | INFO | Sell order for 1.0163 ETHUSD at 2107.0588 submitted successfully.
2023-04-15 11:40:37,655 | INFO | Order executed successfully | Portfolio Value = 10082.3135 USD
2023-04-15 12:40:46,484 | INFO | Alpaca REST API ACTIVE - PAPER-TRADING account #PA3AMQWJBBTI
2023-04-15 12:40:47,547 | INFO | ↑↑ Prediction = BUY ↑↑ 
2023-04-15 12:40:47,755 | INFO | Buy order for 2.6260 ETHUSD at 2096.4016 submitted successfully.
2023-04-15 12:40:48,037 | INFO | Order executed successfully | Portfolio Value = 10050.4868 USD
2023-04-15 13:40:56,231 | INFO | Alpaca REST API ACTIVE - PAPER-TRADING account #PA3AMQWJBBTI
2023-04-15 13:40:57,273 | INFO | ↓↓ Prediction = SELL ↓↓
2023-04-15 13:40:57,461 | INFO | Sell order for 1.5456 ETHUSD at 2099.4599 submitted successfully.
2023-04-15 13:40:57,718 | INFO | Order executed successfully | Portfolio Value = 10060.6893 USD
2023-04-15 14:41:11,976 | INFO | Alpaca REST API ACTIVE - PAPER-TRADING account #PA3AMQWJBBTI
2023-04-15 14:41:13,030 | INFO | ↓↓ Prediction = SELL ↓↓
2023-04-15 14:41:13,222 | INFO | Sell order for 1.0356 ETHUSD at 2097.3331 submitted successfully.
2023-04-15 14:42:14,783 | INFO | Order executed successfully | Portfolio Value = 10051.4052 USD
2023-04-15 15:42:25,525 | INFO | Alpaca REST API ACTIVE - PAPER-TRADING account #PA3AMQWJBBTI
2023-04-15 15:42:26,731 | INFO | ↓↓ Prediction = SELL ↓↓
2023-04-15 15:42:26,922 | INFO | Sell order for 0.6938 ETHUSD at 2097.4729 submitted successfully.
2023-04-15 15:44:29,490 | INFO | Order executed successfully | Portfolio Value = 10049.9491 USD
2023-04-15 16:44:38,211 | INFO | Alpaca REST API ACTIVE - PAPER-TRADING account #PA3AMQWJBBTI
2023-04-15 16:44:39,258 | INFO | ↓↓ Prediction = SELL ↓↓
2023-04-15 16:44:39,454 | INFO | Sell order for 0.4649 ETHUSD at 2095.7199 submitted successfully.
2023-04-15 16:47:43,357 | INFO | Order execution timed out. Resubmitting the order with an updated price.
2023-04-15 16:47:43,791 | INFO | Sell order for 0.464861734 ETH/USD at 2094.0220213499997 submitted successfully.
2023-04-15 16:50:27,299 | INFO | Order executed successfully | Portfolio Value = 10043.9179 USD
