[main 2938e8e] Update logfile.log
 1 file changed, 4 insertions(+)
[main 2bddaa3] Update logfile.log
 1 file changed, 8 insertions(+)
[main 092056c] Update logfile.log
 1 file changed, 8 insertions(+)
[main adec741] Update logfile.log
 1 file changed, 31 insertions(+)
[main 8357517] Update logfile.log
 1 file changed, 2 insertions(+)
[main 959d112] Update logfile.log
 1 file changed, 10 insertions(+)
[main a33c4bc] Update logfile.log
 1 file changed, 19 insertions(+)
On branch main
Your branch is up to date with 'origin/main'.

Changes not staged for commit:
  (use "git add <file>..." to update what will be committed)
  (use "git restore <file>..." to discard changes in working directory)
	modified:   index.html

Untracked files:
  (use "git add <file>..." to include in what will be committed)
	com.alphajet_io.plist
	upload_console_output.log
	upload_console_output_error.log

no changes added to commit (use "git add" and/or "git commit -a")
On branch main
Your branch is up to date with 'origin/main'.

Changes not staged for commit:
  (use "git add <file>..." to update what will be committed)
  (use "git restore <file>..." to discard changes in working directory)
	modified:   index.html

Untracked files:
  (use "git add <file>..." to include in what will be committed)
	com.alphajet_io.plist
	upload_console_output.log
	upload_console_output_error.log

no changes added to commit (use "git add" and/or "git commit -a")
[main 810b329] Update logfile.log
 1 file changed, 6 insertions(+)
On branch main
Your branch is up to date with 'origin/main'.

Changes not staged for commit:
  (use "git add <file>..." to update what will be committed)
  (use "git restore <file>..." to discard changes in working directory)
	modified:   index.html

Untracked files:
  (use "git add <file>..." to include in what will be committed)
	com.alphajet_io.plist
	upload_console_output.log
	upload_console_output_error.log

no changes added to commit (use "git add" and/or "git commit -a")
On branch main
Your branch is up to date with 'origin/main'.

Changes not staged for commit:
  (use "git add <file>..." to update what will be committed)
  (use "git restore <file>..." to discard changes in working directory)
	modified:   index.html

Untracked files:
  (use "git add <file>..." to include in what will be committed)
	com.alphajet_io.plist
	upload_console_output.log
	upload_console_output_error.log

no changes added to commit (use "git add" and/or "git commit -a")
[main fce4b4d] Update logfile.log
 1 file changed, 4 insertions(+)
On branch main
Your branch is up to date with 'origin/main'.

Changes not staged for commit:
  (use "git add <file>..." to update what will be committed)
  (use "git restore <file>..." to discard changes in working directory)
	modified:   index.html

Untracked files:
  (use "git add <file>..." to include in what will be committed)
	com.alphajet_io.plist
	upload_console_output.log
	upload_console_output_error.log

no changes added to commit (use "git add" and/or "git commit -a")
On branch main
Your branch is up to date with 'origin/main'.

Changes not staged for commit:
  (use "git add <file>..." to update what will be committed)
  (use "git restore <file>..." to discard changes in working directory)
	modified:   index.html

Untracked files:
  (use "git add <file>..." to include in what will be committed)
	com.alphajet_io.plist
	upload_console_output.log
	upload_console_output_error.log

no changes added to commit (use "git add" and/or "git commit -a")
[main 27c68a9] Update logfile.log
 1 file changed, 26 insertions(+)
On branch main
Your branch is up to date with 'origin/main'.

Changes not staged for commit:
  (use "git add <file>..." to update what will be committed)
  (use "git restore <file>..." to discard changes in working directory)
	modified:   index.html

Untracked files:
  (use "git add <file>..." to include in what will be committed)
	com.alphajet_io.plist
	upload_console_output.log
	upload_console_output_error.log

no changes added to commit (use "git add" and/or "git commit -a")
On branch main
Your branch is up to date with 'origin/main'.

Changes not staged for commit:
  (use "git add <file>..." to update what will be committed)
  (use "git restore <file>..." to discard changes in working directory)
	modified:   index.html

Untracked files:
  (use "git add <file>..." to include in what will be committed)
	com.alphajet_io.plist
	upload_console_output.log
	upload_console_output_error.log

no changes added to commit (use "git add" and/or "git commit -a")
[main 5586db8] Update logfile.log
 1 file changed, 19 insertions(+)
[main 648b706] Update logfile.log
 1 file changed, 5 insertions(+)
On branch main
Your branch is up to date with 'origin/main'.

Changes not staged for commit:
  (use "git add <file>..." to update what will be committed)
  (use "git restore <file>..." to discard changes in working directory)
	modified:   index.html

Untracked files:
  (use "git add <file>..." to include in what will be committed)
	com.alphajet_io.plist
	upload_console_output.log
	upload_console_output_error.log

no changes added to commit (use "git add" and/or "git commit -a")
On branch main
Your branch is up to date with 'origin/main'.

Changes not staged for commit:
  (use "git add <file>..." to update what will be committed)
  (use "git restore <file>..." to discard changes in working directory)
	modified:   index.html

Untracked files:
  (use "git add <file>..." to include in what will be committed)
	com.alphajet_io.plist
	upload_console_output.log
	upload_console_output_error.log

no changes added to commit (use "git add" and/or "git commit -a")
[main c018d4a] Update logfile.log
 1 file changed, 8 insertions(+)
On branch main
Your branch is up to date with 'origin/main'.

Changes not staged for commit:
  (use "git add <file>..." to update what will be committed)
  (use "git restore <file>..." to discard changes in working directory)
	modified:   index.html

Untracked files:
  (use "git add <file>..." to include in what will be committed)
	com.alphajet_io.plist
	upload_console_output.log
	upload_console_output_error.log

no changes added to commit (use "git add" and/or "git commit -a")
On branch main
Your branch is up to date with 'origin/main'.

Changes not staged for commit:
  (use "git add <file>..." to update what will be committed)
  (use "git restore <file>..." to discard changes in working directory)
	modified:   index.html

Untracked files:
  (use "git add <file>..." to include in what will be committed)
	com.alphajet_io.plist
	upload_console_output.log
	upload_console_output_error.log

no changes added to commit (use "git add" and/or "git commit -a")
[main c271813] Update logfile.log
 1 file changed, 4 insertions(+)
On branch main
Your branch is up to date with 'origin/main'.

Changes not staged for commit:
  (use "git add <file>..." to update what will be committed)
  (use "git restore <file>..." to discard changes in working directory)
	modified:   index.html

Untracked files:
  (use "git add <file>..." to include in what will be committed)
	com.alphajet_io.plist
	upload_console_output.log
	upload_console_output_error.log

no changes added to commit (use "git add" and/or "git commit -a")
On branch main
Your branch is up to date with 'origin/main'.

Changes not staged for commit:
  (use "git add <file>..." to update what will be committed)
  (use "git restore <file>..." to discard changes in working directory)
	modified:   index.html

Untracked files:
  (use "git add <file>..." to include in what will be committed)
	com.alphajet_io.plist
	upload_console_output.log
	upload_console_output_error.log

no changes added to commit (use "git add" and/or "git commit -a")
[main e7e1236] Update logfile.log
 1 file changed, 16 insertions(+)
On branch main
Your branch is up to date with 'origin/main'.

Changes not staged for commit:
  (use "git add <file>..." to update what will be committed)
  (use "git restore <file>..." to discard changes in working directory)
	modified:   index.html

Untracked files:
  (use "git add <file>..." to include in what will be committed)
	com.alphajet_io.plist
	upload_console_output.log
	upload_console_output_error.log

no changes added to commit (use "git add" and/or "git commit -a")
On branch main
Your branch is up to date with 'origin/main'.

Changes not staged for commit:
  (use "git add <file>..." to update what will be committed)
  (use "git restore <file>..." to discard changes in working directory)
	modified:   index.html

Untracked files:
  (use "git add <file>..." to include in what will be committed)
	com.alphajet_io.plist
	upload_console_output.log
	upload_console_output_error.log

no changes added to commit (use "git add" and/or "git commit -a")
[main 8f64cec] Update logfile.log
 1 file changed, 4 insertions(+)
On branch main
Your branch is up to date with 'origin/main'.

Changes not staged for commit:
  (use "git add <file>..." to update what will be committed)
  (use "git restore <file>..." to discard changes in working directory)
	modified:   index.html

Untracked files:
  (use "git add <file>..." to include in what will be committed)
	com.alphajet_io.plist
	upload_console_output.log
	upload_console_output_error.log

no changes added to commit (use "git add" and/or "git commit -a")
On branch main
Your branch is up to date with 'origin/main'.

Changes not staged for commit:
  (use "git add <file>..." to update what will be committed)
  (use "git restore <file>..." to discard changes in working directory)
	modified:   index.html

Untracked files:
  (use "git add <file>..." to include in what will be committed)
	com.alphajet_io.plist
	upload_console_output.log
	upload_console_output_error.log

no changes added to commit (use "git add" and/or "git commit -a")
[main f26b652] Update logfile.log
 1 file changed, 8 insertions(+)
On branch main
Your branch is up to date with 'origin/main'.

Changes not staged for commit:
  (use "git add <file>..." to update what will be committed)
  (use "git restore <file>..." to discard changes in working directory)
	modified:   index.html

Untracked files:
  (use "git add <file>..." to include in what will be committed)
	com.alphajet_io.plist
	upload_console_output.log
	upload_console_output_error.log

no changes added to commit (use "git add" and/or "git commit -a")
On branch main
Your branch is up to date with 'origin/main'.

Changes not staged for commit:
  (use "git add <file>..." to update what will be committed)
  (use "git restore <file>..." to discard changes in working directory)
	modified:   index.html

Untracked files:
  (use "git add <file>..." to include in what will be committed)
	com.alphajet_io.plist
	upload_console_output.log
	upload_console_output_error.log

no changes added to commit (use "git add" and/or "git commit -a")
[main a0332d7] Update logfile.log
 1 file changed, 6 insertions(+)
On branch main
Your branch is up to date with 'origin/main'.

Changes not staged for commit:
  (use "git add <file>..." to update what will be committed)
  (use "git restore <file>..." to discard changes in working directory)
	modified:   index.html

Untracked files:
  (use "git add <file>..." to include in what will be committed)
	com.alphajet_io.plist
	upload_console_output.log
	upload_console_output_error.log

no changes added to commit (use "git add" and/or "git commit -a")
On branch main
Your branch is up to date with 'origin/main'.

Changes not staged for commit:
  (use "git add <file>..." to update what will be committed)
  (use "git restore <file>..." to discard changes in working directory)
	modified:   index.html

Untracked files:
  (use "git add <file>..." to include in what will be committed)
	com.alphajet_io.plist
	upload_console_output.log
	upload_console_output_error.log

no changes added to commit (use "git add" and/or "git commit -a")
[main e9d259b] Update logfile.log
 1 file changed, 8 insertions(+)
On branch main
Your branch is up to date with 'origin/main'.

Changes not staged for commit:
  (use "git add <file>..." to update what will be committed)
  (use "git restore <file>..." to discard changes in working directory)
	modified:   index.html

Untracked files:
  (use "git add <file>..." to include in what will be committed)
	com.alphajet_io.plist
	upload_console_output.log
	upload_console_output_error.log

no changes added to commit (use "git add" and/or "git commit -a")
On branch main
Your branch is up to date with 'origin/main'.

Changes not staged for commit:
  (use "git add <file>..." to update what will be committed)
  (use "git restore <file>..." to discard changes in working directory)
	modified:   index.html

Untracked files:
  (use "git add <file>..." to include in what will be committed)
	com.alphajet_io.plist
	upload_console_output.log
	upload_console_output_error.log

no changes added to commit (use "git add" and/or "git commit -a")
[main 66bb14e] Update logfile.log
 1 file changed, 42 insertions(+)
On branch main
Your branch is up to date with 'origin/main'.

Changes not staged for commit:
  (use "git add <file>..." to update what will be committed)
  (use "git restore <file>..." to discard changes in working directory)
	modified:   index.html

Untracked files:
  (use "git add <file>..." to include in what will be committed)
	com.alphajet_io.plist
	upload_console_output.log
	upload_console_output_error.log

no changes added to commit (use "git add" and/or "git commit -a")
On branch main
Your branch is up to date with 'origin/main'.

Changes not staged for commit:
  (use "git add <file>..." to update what will be committed)
  (use "git restore <file>..." to discard changes in working directory)
	modified:   index.html

Untracked files:
  (use "git add <file>..." to include in what will be committed)
	com.alphajet_io.plist
	upload_console_output.log
	upload_console_output_error.log

no changes added to commit (use "git add" and/or "git commit -a")
[main 144b707] Update logfile.log
 1 file changed, 3 insertions(+)
[main 2077cd5] Update logfile.log
 1 file changed, 1 insertion(+)
[main 97c0d0b] Update logfile.log
 1 file changed, 6 insertions(+)
On branch main
Your branch is up to date with 'origin/main'.

Changes not staged for commit:
  (use "git add <file>..." to update what will be committed)
  (use "git restore <file>..." to discard changes in working directory)
	modified:   index.html

Untracked files:
  (use "git add <file>..." to include in what will be committed)
	com.alphajet_io.plist
	upload_console_output.log
	upload_console_output_error.log

no changes added to commit (use "git add" and/or "git commit -a")
On branch main
Your branch is up to date with 'origin/main'.

Changes not staged for commit:
  (use "git add <file>..." to update what will be committed)
  (use "git restore <file>..." to discard changes in working directory)
	modified:   index.html

Untracked files:
  (use "git add <file>..." to include in what will be committed)
	com.alphajet_io.plist
	upload_console_output.log
	upload_console_output_error.log

no changes added to commit (use "git add" and/or "git commit -a")
[main 9a54826] Update logfile.log
 1 file changed, 6 insertions(+)
On branch main
Your branch is up to date with 'origin/main'.

Changes not staged for commit:
  (use "git add <file>..." to update what will be committed)
  (use "git restore <file>..." to discard changes in working directory)
	modified:   index.html

Untracked files:
  (use "git add <file>..." to include in what will be committed)
	com.alphajet_io.plist
	upload_console_output.log
	upload_console_output_error.log

no changes added to commit (use "git add" and/or "git commit -a")
On branch main
Your branch is up to date with 'origin/main'.

Changes not staged for commit:
  (use "git add <file>..." to update what will be committed)
  (use "git restore <file>..." to discard changes in working directory)
	modified:   index.html

Untracked files:
  (use "git add <file>..." to include in what will be committed)
	com.alphajet_io.plist
	upload_console_output.log
	upload_console_output_error.log

no changes added to commit (use "git add" and/or "git commit -a")
[main 7855f85] Update logfile.log
 1 file changed, 10 insertions(+)
On branch main
Your branch is up to date with 'origin/main'.

Changes not staged for commit:
  (use "git add <file>..." to update what will be committed)
  (use "git restore <file>..." to discard changes in working directory)
	modified:   index.html

Untracked files:
  (use "git add <file>..." to include in what will be committed)
	com.alphajet_io.plist
	upload_console_output.log
	upload_console_output_error.log

no changes added to commit (use "git add" and/or "git commit -a")
On branch main
Your branch is up to date with 'origin/main'.

Changes not staged for commit:
  (use "git add <file>..." to update what will be committed)
  (use "git restore <file>..." to discard changes in working directory)
	modified:   index.html

Untracked files:
  (use "git add <file>..." to include in what will be committed)
	com.alphajet_io.plist
	upload_console_output.log
	upload_console_output_error.log

no changes added to commit (use "git add" and/or "git commit -a")
[main 1317191] Update logfile.log
 1 file changed, 4 insertions(+)
On branch main
Your branch is up to date with 'origin/main'.

Changes not staged for commit:
  (use "git add <file>..." to update what will be committed)
  (use "git restore <file>..." to discard changes in working directory)
	modified:   index.html

Untracked files:
  (use "git add <file>..." to include in what will be committed)
	com.alphajet_io.plist
	upload_console_output.log
	upload_console_output_error.log

no changes added to commit (use "git add" and/or "git commit -a")
On branch main
Your branch is up to date with 'origin/main'.

Changes not staged for commit:
  (use "git add <file>..." to update what will be committed)
  (use "git restore <file>..." to discard changes in working directory)
	modified:   index.html

Untracked files:
  (use "git add <file>..." to include in what will be committed)
	com.alphajet_io.plist
	upload_console_output.log
	upload_console_output_error.log

no changes added to commit (use "git add" and/or "git commit -a")
[main 1609fde] Update logfile.log
 1 file changed, 18 insertions(+)
On branch main
Your branch is up to date with 'origin/main'.

Changes not staged for commit:
  (use "git add <file>..." to update what will be committed)
  (use "git restore <file>..." to discard changes in working directory)
	modified:   index.html

Untracked files:
  (use "git add <file>..." to include in what will be committed)
	com.alphajet_io.plist
	upload_console_output.log
	upload_console_output_error.log

no changes added to commit (use "git add" and/or "git commit -a")
On branch main
Your branch is up to date with 'origin/main'.

Changes not staged for commit:
  (use "git add <file>..." to update what will be committed)
  (use "git restore <file>..." to discard changes in working directory)
	modified:   index.html

Untracked files:
  (use "git add <file>..." to include in what will be committed)
	com.alphajet_io.plist
	upload_console_output.log
	upload_console_output_error.log

no changes added to commit (use "git add" and/or "git commit -a")
[main 962d313] Update logfile.log
 1 file changed, 4 insertions(+)
On branch main
Your branch is up to date with 'origin/main'.

Changes not staged for commit:
  (use "git add <file>..." to update what will be committed)
  (use "git restore <file>..." to discard changes in working directory)
	modified:   index.html

Untracked files:
  (use "git add <file>..." to include in what will be committed)
	com.alphajet_io.plist
	upload_console_output.log
	upload_console_output_error.log

no changes added to commit (use "git add" and/or "git commit -a")
On branch main
Your branch is up to date with 'origin/main'.

Changes not staged for commit:
  (use "git add <file>..." to update what will be committed)
  (use "git restore <file>..." to discard changes in working directory)
	modified:   index.html

Untracked files:
  (use "git add <file>..." to include in what will be committed)
	com.alphajet_io.plist
	upload_console_output.log
	upload_console_output_error.log

no changes added to commit (use "git add" and/or "git commit -a")
[main 9f1ae46] Update logfile.log
 1 file changed, 3 insertions(+)
On branch main
Your branch is up to date with 'origin/main'.

Changes not staged for commit:
  (use "git add <file>..." to update what will be committed)
  (use "git restore <file>..." to discard changes in working directory)
	modified:   index.html

Untracked files:
  (use "git add <file>..." to include in what will be committed)
	com.alphajet_io.plist
	upload_console_output.log
	upload_console_output_error.log

no changes added to commit (use "git add" and/or "git commit -a")
On branch main
Your branch is up to date with 'origin/main'.

Changes not staged for commit:
  (use "git add <file>..." to update what will be committed)
  (use "git restore <file>..." to discard changes in working directory)
	modified:   index.html

Untracked files:
  (use "git add <file>..." to include in what will be committed)
	com.alphajet_io.plist
	upload_console_output.log
	upload_console_output_error.log

no changes added to commit (use "git add" and/or "git commit -a")
[main 72f171e] Update logfile.log
 1 file changed, 4 insertions(+)
On branch main
Your branch is up to date with 'origin/main'.

Changes not staged for commit:
  (use "git add <file>..." to update what will be committed)
  (use "git restore <file>..." to discard changes in working directory)
	modified:   index.html

Untracked files:
  (use "git add <file>..." to include in what will be committed)
	com.alphajet_io.plist
	upload_console_output.log
	upload_console_output_error.log

no changes added to commit (use "git add" and/or "git commit -a")
On branch main
Your branch is up to date with 'origin/main'.

Changes not staged for commit:
  (use "git add <file>..." to update what will be committed)
  (use "git restore <file>..." to discard changes in working directory)
	modified:   index.html

Untracked files:
  (use "git add <file>..." to include in what will be committed)
	com.alphajet_io.plist
	upload_console_output.log
	upload_console_output_error.log

no changes added to commit (use "git add" and/or "git commit -a")
[main 9280d18] Update logfile.log
 1 file changed, 40 insertions(+)
On branch main
Your branch is up to date with 'origin/main'.

Changes not staged for commit:
  (use "git add <file>..." to update what will be committed)
  (use "git restore <file>..." to discard changes in working directory)
	modified:   index.html

Untracked files:
  (use "git add <file>..." to include in what will be committed)
	com.alphajet_io.plist
	upload_console_output.log
	upload_console_output_error.log

no changes added to commit (use "git add" and/or "git commit -a")
On branch main
Your branch is up to date with 'origin/main'.

Changes not staged for commit:
  (use "git add <file>..." to update what will be committed)
  (use "git restore <file>..." to discard changes in working directory)
	modified:   index.html

Untracked files:
  (use "git add <file>..." to include in what will be committed)
	com.alphajet_io.plist
	upload_console_output.log
	upload_console_output_error.log

no changes added to commit (use "git add" and/or "git commit -a")
[main d5da753] Update logfile.log
 1 file changed, 4 insertions(+)
On branch main
Your branch is up to date with 'origin/main'.

Changes not staged for commit:
  (use "git add <file>..." to update what will be committed)
  (use "git restore <file>..." to discard changes in working directory)
	modified:   index.html

Untracked files:
  (use "git add <file>..." to include in what will be committed)
	com.alphajet_io.plist
	upload_console_output.log
	upload_console_output_error.log

no changes added to commit (use "git add" and/or "git commit -a")
On branch main
Your branch is up to date with 'origin/main'.

Changes not staged for commit:
  (use "git add <file>..." to update what will be committed)
  (use "git restore <file>..." to discard changes in working directory)
	modified:   index.html

Untracked files:
  (use "git add <file>..." to include in what will be committed)
	com.alphajet_io.plist
	upload_console_output.log
	upload_console_output_error.log

no changes added to commit (use "git add" and/or "git commit -a")
[main a6df5ac] Update logfile.log
 1 file changed, 4 insertions(+)
On branch main
Your branch is up to date with 'origin/main'.

Changes not staged for commit:
  (use "git add <file>..." to update what will be committed)
  (use "git restore <file>..." to discard changes in working directory)
	modified:   index.html

Untracked files:
  (use "git add <file>..." to include in what will be committed)
	com.alphajet_io.plist
	upload_console_output.log
	upload_console_output_error.log

no changes added to commit (use "git add" and/or "git commit -a")
On branch main
Your branch is up to date with 'origin/main'.

Changes not staged for commit:
  (use "git add <file>..." to update what will be committed)
  (use "git restore <file>..." to discard changes in working directory)
	modified:   index.html

Untracked files:
  (use "git add <file>..." to include in what will be committed)
	com.alphajet_io.plist
	upload_console_output.log
	upload_console_output_error.log

no changes added to commit (use "git add" and/or "git commit -a")
[main a249106] Update logfile.log
 1 file changed, 4 insertions(+)
On branch main
Your branch is up to date with 'origin/main'.

Changes not staged for commit:
  (use "git add <file>..." to update what will be committed)
  (use "git restore <file>..." to discard changes in working directory)
	modified:   index.html

Untracked files:
  (use "git add <file>..." to include in what will be committed)
	com.alphajet_io.plist
	upload_console_output.log
	upload_console_output_error.log

no changes added to commit (use "git add" and/or "git commit -a")
On branch main
Your branch is up to date with 'origin/main'.

Changes not staged for commit:
  (use "git add <file>..." to update what will be committed)
  (use "git restore <file>..." to discard changes in working directory)
	modified:   index.html

Untracked files:
  (use "git add <file>..." to include in what will be committed)
	com.alphajet_io.plist
	upload_console_output.log
	upload_console_output_error.log

no changes added to commit (use "git add" and/or "git commit -a")
[main e9e012c] Update logfile.log
 1 file changed, 4 insertions(+)
On branch main
Your branch is up to date with 'origin/main'.

Changes not staged for commit:
  (use "git add <file>..." to update what will be committed)
  (use "git restore <file>..." to discard changes in working directory)
	modified:   index.html

Untracked files:
  (use "git add <file>..." to include in what will be committed)
	com.alphajet_io.plist
	upload_console_output.log
	upload_console_output_error.log

no changes added to commit (use "git add" and/or "git commit -a")
On branch main
Your branch is up to date with 'origin/main'.

Changes not staged for commit:
  (use "git add <file>..." to update what will be committed)
  (use "git restore <file>..." to discard changes in working directory)
	modified:   index.html

Untracked files:
  (use "git add <file>..." to include in what will be committed)
	com.alphajet_io.plist
	upload_console_output.log
	upload_console_output_error.log

no changes added to commit (use "git add" and/or "git commit -a")
[main c2c4ead] Update logfile.log
 1 file changed, 4 insertions(+)
On branch main
Your branch is up to date with 'origin/main'.

Changes not staged for commit:
  (use "git add <file>..." to update what will be committed)
  (use "git restore <file>..." to discard changes in working directory)
	modified:   index.html

Untracked files:
  (use "git add <file>..." to include in what will be committed)
	com.alphajet_io.plist
	upload_console_output.log
	upload_console_output_error.log

no changes added to commit (use "git add" and/or "git commit -a")
On branch main
Your branch is up to date with 'origin/main'.

Changes not staged for commit:
  (use "git add <file>..." to update what will be committed)
  (use "git restore <file>..." to discard changes in working directory)
	modified:   index.html

Untracked files:
  (use "git add <file>..." to include in what will be committed)
	com.alphajet_io.plist
	upload_console_output.log
	upload_console_output_error.log

no changes added to commit (use "git add" and/or "git commit -a")
[main adf8e78] Update logfile.log
 1 file changed, 9 insertions(+)
[main 945197c] Update logfile.log
 1 file changed, 51 insertions(+)
On branch main
Your branch is up to date with 'origin/main'.

Changes not staged for commit:
  (use "git add <file>..." to update what will be committed)
  (use "git restore <file>..." to discard changes in working directory)
	modified:   index.html

Untracked files:
  (use "git add <file>..." to include in what will be committed)
	com.alphajet_io.plist
	upload_console_output.log
	upload_console_output_error.log

no changes added to commit (use "git add" and/or "git commit -a")
On branch main
Your branch is up to date with 'origin/main'.

Changes not staged for commit:
  (use "git add <file>..." to update what will be committed)
  (use "git restore <file>..." to discard changes in working directory)
	modified:   index.html

Untracked files:
  (use "git add <file>..." to include in what will be committed)
	com.alphajet_io.plist
	upload_console_output.log
	upload_console_output_error.log

no changes added to commit (use "git add" and/or "git commit -a")
[main c98fa98] Update logfile.log
 1 file changed, 16 insertions(+)
On branch main
Your branch is up to date with 'origin/main'.

Changes not staged for commit:
  (use "git add <file>..." to update what will be committed)
  (use "git restore <file>..." to discard changes in working directory)
	modified:   index.html

Untracked files:
  (use "git add <file>..." to include in what will be committed)
	com.alphajet_io.plist
	upload_console_output.log
	upload_console_output_error.log

no changes added to commit (use "git add" and/or "git commit -a")
On branch main
Your branch is up to date with 'origin/main'.

Changes not staged for commit:
  (use "git add <file>..." to update what will be committed)
  (use "git restore <file>..." to discard changes in working directory)
	modified:   index.html

Untracked files:
  (use "git add <file>..." to include in what will be committed)
	com.alphajet_io.plist
	upload_console_output.log
	upload_console_output_error.log

no changes added to commit (use "git add" and/or "git commit -a")
[main 594c112] Update logfile.log
 1 file changed, 10 insertions(+)
On branch main
Your branch is up to date with 'origin/main'.

Changes not staged for commit:
  (use "git add <file>..." to update what will be committed)
  (use "git restore <file>..." to discard changes in working directory)
	modified:   index.html

Untracked files:
  (use "git add <file>..." to include in what will be committed)
	com.alphajet_io.plist
	upload_console_output.log
	upload_console_output_error.log

no changes added to commit (use "git add" and/or "git commit -a")
On branch main
Your branch is up to date with 'origin/main'.

Changes not staged for commit:
  (use "git add <file>..." to update what will be committed)
  (use "git restore <file>..." to discard changes in working directory)
	modified:   index.html

Untracked files:
  (use "git add <file>..." to include in what will be committed)
	com.alphajet_io.plist
	upload_console_output.log
	upload_console_output_error.log

no changes added to commit (use "git add" and/or "git commit -a")
[main 9a7c3c5] Update logfile.log
 1 file changed, 8 insertions(+)
On branch main
Your branch is up to date with 'origin/main'.

Changes not staged for commit:
  (use "git add <file>..." to update what will be committed)
  (use "git restore <file>..." to discard changes in working directory)
	modified:   index.html

Untracked files:
  (use "git add <file>..." to include in what will be committed)
	com.alphajet_io.plist
	upload_console_output.log
	upload_console_output_error.log

no changes added to commit (use "git add" and/or "git commit -a")
On branch main
Your branch is up to date with 'origin/main'.

Changes not staged for commit:
  (use "git add <file>..." to update what will be committed)
  (use "git restore <file>..." to discard changes in working directory)
	modified:   index.html

Untracked files:
  (use "git add <file>..." to include in what will be committed)
	com.alphajet_io.plist
	upload_console_output.log
	upload_console_output_error.log

no changes added to commit (use "git add" and/or "git commit -a")
[main 38ed8cb] Update logfile.log
 1 file changed, 4 insertions(+)
On branch main
Your branch is up to date with 'origin/main'.

Changes not staged for commit:
  (use "git add <file>..." to update what will be committed)
  (use "git restore <file>..." to discard changes in working directory)
	modified:   index.html

Untracked files:
  (use "git add <file>..." to include in what will be committed)
	com.alphajet_io.plist
	upload_console_output.log
	upload_console_output_error.log

no changes added to commit (use "git add" and/or "git commit -a")
On branch main
Your branch is up to date with 'origin/main'.

Changes not staged for commit:
  (use "git add <file>..." to update what will be committed)
  (use "git restore <file>..." to discard changes in working directory)
	modified:   index.html

Untracked files:
  (use "git add <file>..." to include in what will be committed)
	com.alphajet_io.plist
	upload_console_output.log
	upload_console_output_error.log

no changes added to commit (use "git add" and/or "git commit -a")
[main d7a258d] Update logfile.log
 1 file changed, 3 insertions(+)
[main 10e46cc] Update logfile.log
 1 file changed, 1 insertion(+)
On branch main
Your branch is up to date with 'origin/main'.

Changes not staged for commit:
  (use "git add <file>..." to update what will be committed)
  (use "git restore <file>..." to discard changes in working directory)
	modified:   index.html

Untracked files:
  (use "git add <file>..." to include in what will be committed)
	com.alphajet_io.plist
	upload_console_output.log
	upload_console_output_error.log

no changes added to commit (use "git add" and/or "git commit -a")
On branch main
Your branch is up to date with 'origin/main'.

Changes not staged for commit:
  (use "git add <file>..." to update what will be committed)
  (use "git restore <file>..." to discard changes in working directory)
	modified:   index.html

Untracked files:
  (use "git add <file>..." to include in what will be committed)
	com.alphajet_io.plist
	upload_console_output.log
	upload_console_output_error.log

no changes added to commit (use "git add" and/or "git commit -a")
[main fc919ca] Update logfile.log
 1 file changed, 6 insertions(+)
On branch main
Your branch is up to date with 'origin/main'.

Changes not staged for commit:
  (use "git add <file>..." to update what will be committed)
  (use "git restore <file>..." to discard changes in working directory)
	modified:   index.html

Untracked files:
  (use "git add <file>..." to include in what will be committed)
	com.alphajet_io.plist
	upload_console_output.log
	upload_console_output_error.log

no changes added to commit (use "git add" and/or "git commit -a")
On branch main
Your branch is up to date with 'origin/main'.

Changes not staged for commit:
  (use "git add <file>..." to update what will be committed)
  (use "git restore <file>..." to discard changes in working directory)
	modified:   index.html

Untracked files:
  (use "git add <file>..." to include in what will be committed)
	com.alphajet_io.plist
	upload_console_output.log
	upload_console_output_error.log

no changes added to commit (use "git add" and/or "git commit -a")
[main 29a8c2f] Update logfile.log
 1 file changed, 4 insertions(+)
On branch main
Your branch is up to date with 'origin/main'.

Changes not staged for commit:
  (use "git add <file>..." to update what will be committed)
  (use "git restore <file>..." to discard changes in working directory)
	modified:   index.html

Untracked files:
  (use "git add <file>..." to include in what will be committed)
	com.alphajet_io.plist
	upload_console_output.log
	upload_console_output_error.log

no changes added to commit (use "git add" and/or "git commit -a")
On branch main
Your branch is up to date with 'origin/main'.

Changes not staged for commit:
  (use "git add <file>..." to update what will be committed)
  (use "git restore <file>..." to discard changes in working directory)
	modified:   index.html

Untracked files:
  (use "git add <file>..." to include in what will be committed)
	com.alphajet_io.plist
	upload_console_output.log
	upload_console_output_error.log

no changes added to commit (use "git add" and/or "git commit -a")
[main b53fa36] Update logfile.log
 1 file changed, 8 insertions(+)
On branch main
Your branch is up to date with 'origin/main'.

Changes not staged for commit:
  (use "git add <file>..." to update what will be committed)
  (use "git restore <file>..." to discard changes in working directory)
	modified:   index.html

Untracked files:
  (use "git add <file>..." to include in what will be committed)
	com.alphajet_io.plist
	upload_console_output.log
	upload_console_output_error.log

no changes added to commit (use "git add" and/or "git commit -a")
On branch main
Your branch is up to date with 'origin/main'.

Changes not staged for commit:
  (use "git add <file>..." to update what will be committed)
  (use "git restore <file>..." to discard changes in working directory)
	modified:   index.html

Untracked files:
  (use "git add <file>..." to include in what will be committed)
	com.alphajet_io.plist
	upload_console_output.log
	upload_console_output_error.log

no changes added to commit (use "git add" and/or "git commit -a")
[main 5320a80] Update logfile.log
 1 file changed, 4 insertions(+)
On branch main
Your branch is up to date with 'origin/main'.

Changes not staged for commit:
  (use "git add <file>..." to update what will be committed)
  (use "git restore <file>..." to discard changes in working directory)
	modified:   index.html

Untracked files:
  (use "git add <file>..." to include in what will be committed)
	com.alphajet_io.plist
	upload_console_output.log
	upload_console_output_error.log

no changes added to commit (use "git add" and/or "git commit -a")
On branch main
Your branch is up to date with 'origin/main'.

Changes not staged for commit:
  (use "git add <file>..." to update what will be committed)
  (use "git restore <file>..." to discard changes in working directory)
	modified:   index.html

Untracked files:
  (use "git add <file>..." to include in what will be committed)
	com.alphajet_io.plist
	upload_console_output.log
	upload_console_output_error.log

no changes added to commit (use "git add" and/or "git commit -a")
[main 0d922b0] Update logfile.log
 1 file changed, 24 insertions(+)
On branch main
Your branch is up to date with 'origin/main'.

Changes not staged for commit:
  (use "git add <file>..." to update what will be committed)
  (use "git restore <file>..." to discard changes in working directory)
	modified:   index.html

Untracked files:
  (use "git add <file>..." to include in what will be committed)
	com.alphajet_io.plist
	upload_console_output.log
	upload_console_output_error.log

no changes added to commit (use "git add" and/or "git commit -a")
On branch main
Your branch is up to date with 'origin/main'.

Changes not staged for commit:
  (use "git add <file>..." to update what will be committed)
  (use "git restore <file>..." to discard changes in working directory)
	modified:   index.html

Untracked files:
  (use "git add <file>..." to include in what will be committed)
	com.alphajet_io.plist
	upload_console_output.log
	upload_console_output_error.log

no changes added to commit (use "git add" and/or "git commit -a")
[main e16bff9] Update logfile.log
 1 file changed, 6 insertions(+)
On branch main
Your branch is up to date with 'origin/main'.

Changes not staged for commit:
  (use "git add <file>..." to update what will be committed)
  (use "git restore <file>..." to discard changes in working directory)
	modified:   index.html

Untracked files:
  (use "git add <file>..." to include in what will be committed)
	com.alphajet_io.plist
	upload_console_output.log
	upload_console_output_error.log

no changes added to commit (use "git add" and/or "git commit -a")
On branch main
Your branch is up to date with 'origin/main'.

Changes not staged for commit:
  (use "git add <file>..." to update what will be committed)
  (use "git restore <file>..." to discard changes in working directory)
	modified:   index.html

Untracked files:
  (use "git add <file>..." to include in what will be committed)
	com.alphajet_io.plist
	upload_console_output.log
	upload_console_output_error.log

no changes added to commit (use "git add" and/or "git commit -a")
[main 55c12f7] Update logfile.log
 1 file changed, 4 insertions(+)
On branch main
Your branch is up to date with 'origin/main'.

Changes not staged for commit:
  (use "git add <file>..." to update what will be committed)
  (use "git restore <file>..." to discard changes in working directory)
	modified:   index.html

Untracked files:
  (use "git add <file>..." to include in what will be committed)
	com.alphajet_io.plist
	upload_console_output.log
	upload_console_output_error.log

no changes added to commit (use "git add" and/or "git commit -a")
On branch main
Your branch is up to date with 'origin/main'.

Changes not staged for commit:
  (use "git add <file>..." to update what will be committed)
  (use "git restore <file>..." to discard changes in working directory)
	modified:   index.html

Untracked files:
  (use "git add <file>..." to include in what will be committed)
	com.alphajet_io.plist
	upload_console_output.log
	upload_console_output_error.log

no changes added to commit (use "git add" and/or "git commit -a")
[main 95e8c1d] Update logfile.log
 1 file changed, 4 insertions(+)
[main b1a49f8] Update logfile.log
 1 file changed, 3 insertions(+)
On branch main
Your branch is up to date with 'origin/main'.

Changes not staged for commit:
  (use "git add <file>..." to update what will be committed)
  (use "git restore <file>..." to discard changes in working directory)
	modified:   index.html

Untracked files:
  (use "git add <file>..." to include in what will be committed)
	com.alphajet_io.plist
	upload_console_output.log
	upload_console_output_error.log

no changes added to commit (use "git add" and/or "git commit -a")
On branch main
Your branch is up to date with 'origin/main'.

Changes not staged for commit:
  (use "git add <file>..." to update what will be committed)
  (use "git restore <file>..." to discard changes in working directory)
	modified:   index.html

Untracked files:
  (use "git add <file>..." to include in what will be committed)
	com.alphajet_io.plist
	upload_console_output.log
	upload_console_output_error.log

no changes added to commit (use "git add" and/or "git commit -a")
On branch main
Your branch is up to date with 'origin/main'.

Changes not staged for commit:
  (use "git add <file>..." to update what will be committed)
  (use "git restore <file>..." to discard changes in working directory)
	modified:   index.html

Untracked files:
  (use "git add <file>..." to include in what will be committed)
	com.alphajet_io.plist
	upload_console_output.log
	upload_console_output_error.log

no changes added to commit (use "git add" and/or "git commit -a")
